<?xml version="1.0" encoding="UTF-8"?>
<!-- Generated by org.testng.reporters.JUnitReportReporter -->
<testsuite hostname="Varam" failures="0" tests="1" name="runner.TestRunner" time="3.882" errors="0" timestamp="2025-01-24T22:33:32 IST" skipped="0">
  <testcase classname="runner.TestRunner" name="runScenario" time="3.882"/>
  <system-out/>
</testsuite> <!-- runner.TestRunner -->
